#
# There is insufficient memory for the Java Runtime Environment to continue.
# Native memory allocation (malloc) failed to allocate 1154496 bytes for Chunk::new
# Possible reasons:
#   The system is out of physical RAM or swap space
#   The process is running with CompressedOops enabled, and the Java Heap may be blocking the growth of the native heap
# Possible solutions:
#   Reduce memory load on the system
#   Increase physical memory or swap space
#   Check if swap backing store is full
#   Decrease Java heap size (-Xmx/-Xms)
#   Decrease number of Java threads
#   Decrease Java thread stack sizes (-Xss)
#   Set larger code cache with -XX:ReservedCodeCacheSize=
#   JVM is running with Unscaled Compressed Oops mode in which the Java heap is
#     placed in the first 4GB address space. The Java Heap base address is the
#     maximum limit for the native heap growth. Please use -XX:HeapBaseMinAddress
#     to set the Java Heap base and to place the Java Heap above 4GB virtual address.
# This output file may be truncated or incomplete.
#
#  Out of Memory Error (arena.cpp:189), pid=32716, tid=12328
#
# JRE version: OpenJDK Runtime Environment Temurin-17.0.7+7 (17.0.7+7) (build 17.0.7+7)
# Java VM: OpenJDK 64-Bit Server VM Temurin-17.0.7+7 (17.0.7+7, mixed mode, tiered, compressed oops, compressed class ptrs, parallel gc, windows-amd64)
# No core dump will be written. Minidumps are not enabled by default on client versions of Windows
#

---------------  S U M M A R Y ------------

Command Line: --add-modules=ALL-SYSTEM --add-opens=java.base/java.util=ALL-UNNAMED --add-opens=java.base/java.lang=ALL-UNNAMED --add-opens=java.base/sun.nio.fs=ALL-UNNAMED -Declipse.application=org.eclipse.jdt.ls.core.id1 -Dosgi.bundles.defaultStartLevel=4 -Declipse.product=org.eclipse.jdt.ls.core.product -Djava.import.generatesMetadataFilesAtProjectRoot=false -Dfile.encoding=utf8 -XX:+UseParallelGC -XX:GCTimeRatio=4 -XX:AdaptiveSizePolicyWeight=90 -Dsun.zip.disableMemoryMapping=true -Xmx1G -Xms100m -Xlog:disable -javaagent:c:\Users\ASUS\.vscode\extensions\redhat.java-1.19.0-win32-x64\lombok\lombok-1.18.28.jar -XX:+HeapDumpOnOutOfMemoryError -XX:HeapDumpPath=c:\Users\ASUS\AppData\Roaming\Code\User\workspaceStorage\d7e3eb3a7148ce55f8d3d0e71caa708b\redhat.java -Daether.dependencyCollector.impl=bf c:\Users\ASUS\.vscode\extensions\redhat.java-1.19.0-win32-x64\server\plugins\org.eclipse.equinox.launcher_1.6.400.v20210924-0641.jar -configuration c:\Users\ASUS\AppData\Roaming\Code\User\globalStorage\redhat.java\1.19.0\config_win -data c:\Users\ASUS\AppData\Roaming\Code\User\workspaceStorage\d7e3eb3a7148ce55f8d3d0e71caa708b\redhat.java\jdt_ws

Host: AMD A4-9125 RADEON R3, 4 COMPUTE CORES 2C+2G   , 2 cores, 3G,  Windows 10 , 64 bit Build 19041 (10.0.19041.3031)
Time: Sun Jun 25 22:02:47 2023 SE Asia Standard Time elapsed time: 3651.020670 seconds (0d 1h 0m 51s)

---------------  T H R E A D  ---------------

Current thread (0x0000025ad35eddf0):  JavaThread "C2 CompilerThread0" daemon [_thread_in_native, id=12328, stack(0x000000a4faf00000,0x000000a4fb000000)]


Current CompileTask:
C2:3651021 18387       4       org.eclipse.jdt.internal.core.builder.NameEnvironment::getModulesDeclaringPackage (336 bytes)

Stack: [0x000000a4faf00000,0x000000a4fb000000]
Native frames: (J=compiled Java code, j=interpreted, Vv=VM code, C=native code)
V  [jvm.dll+0x67754a]
V  [jvm.dll+0x834304]
V  [jvm.dll+0x835aae]
V  [jvm.dll+0x836113]
V  [jvm.dll+0x24696f]
V  [jvm.dll+0xac0ac]
V  [jvm.dll+0xac67c]
V  [jvm.dll+0x2adbef]
V  [jvm.dll+0x580067]
V  [jvm.dll+0x221e72]
V  [jvm.dll+0x22224f]
V  [jvm.dll+0x21b4a5]
V  [jvm.dll+0x21895b]
V  [jvm.dll+0x1a4d8d]
V  [jvm.dll+0x2284da]
V  [jvm.dll+0x226615]
V  [jvm.dll+0x7ea90b]
V  [jvm.dll+0x7e4e7a]
V  [jvm.dll+0x676395]
C  [ucrtbase.dll+0x21bb2]
C  [KERNEL32.DLL+0x17614]
C  [ntdll.dll+0x526f1]


---------------  P R O C E S S  ---------------

Threads class SMR info:
_java_thread_list=0x0000025ada3a90c0, length=31, elements={
0x0000025abf7dfe80, 0x0000025ad35bf750, 0x0000025ad35c0fe0, 0x0000025ad35e7280,
0x0000025ad35e80f0, 0x0000025ad35eb750, 0x0000025ad35ed110, 0x0000025ad35eddf0,
0x0000025ad3651240, 0x0000025ad3657e70, 0x0000025abf89cbb0, 0x0000025ad835bad0,
0x0000025ad85361e0, 0x0000025ad86aa0d0, 0x0000025ad850d130, 0x0000025ad86347f0,
0x0000025ad81d08a0, 0x0000025ad8aa6a20, 0x0000025ad8aa3ed0, 0x0000025ad8aa43a0,
0x0000025ad8aa4870, 0x0000025ad8aa4d40, 0x0000025adb81f420, 0x0000025ad9164720,
0x0000025ad91638b0, 0x0000025adb820760, 0x0000025adb81bf30, 0x0000025adb8193e0,
0x0000025adb8198b0, 0x0000025adb818f10, 0x0000025ad9165a60
}

Java Threads: ( => current thread )
  0x0000025abf7dfe80 JavaThread "main" [_thread_blocked, id=37900, stack(0x000000a4fa600000,0x000000a4fa700000)]
  0x0000025ad35bf750 JavaThread "Reference Handler" daemon [_thread_blocked, id=39920, stack(0x000000a4fa900000,0x000000a4faa00000)]
  0x0000025ad35c0fe0 JavaThread "Finalizer" daemon [_thread_blocked, id=38700, stack(0x000000a4faa00000,0x000000a4fab00000)]
  0x0000025ad35e7280 JavaThread "Signal Dispatcher" daemon [_thread_blocked, id=35576, stack(0x000000a4fab00000,0x000000a4fac00000)]
  0x0000025ad35e80f0 JavaThread "Attach Listener" daemon [_thread_blocked, id=28360, stack(0x000000a4fac00000,0x000000a4fad00000)]
  0x0000025ad35eb750 JavaThread "Service Thread" daemon [_thread_blocked, id=34792, stack(0x000000a4fad00000,0x000000a4fae00000)]
  0x0000025ad35ed110 JavaThread "Monitor Deflation Thread" daemon [_thread_blocked, id=39592, stack(0x000000a4fae00000,0x000000a4faf00000)]
=>0x0000025ad35eddf0 JavaThread "C2 CompilerThread0" daemon [_thread_in_native, id=12328, stack(0x000000a4faf00000,0x000000a4fb000000)]
  0x0000025ad3651240 JavaThread "C1 CompilerThread0" daemon [_thread_blocked, id=36660, stack(0x000000a4fb000000,0x000000a4fb100000)]
  0x0000025ad3657e70 JavaThread "Sweeper thread" daemon [_thread_blocked, id=3176, stack(0x000000a4fb100000,0x000000a4fb200000)]
  0x0000025abf89cbb0 JavaThread "Common-Cleaner" daemon [_thread_blocked, id=20524, stack(0x000000a4fb200000,0x000000a4fb300000)]
  0x0000025ad835bad0 JavaThread "Notification Thread" daemon [_thread_blocked, id=37276, stack(0x000000a4fb300000,0x000000a4fb400000)]
  0x0000025ad85361e0 JavaThread "Active Thread: Equinox Container: 0f73b69b-6364-409c-81ef-8364d2913d4e" [_thread_blocked, id=29000, stack(0x000000a4fb600000,0x000000a4fb700000)]
  0x0000025ad86aa0d0 JavaThread "Framework Event Dispatcher: Equinox Container: 0f73b69b-6364-409c-81ef-8364d2913d4e" daemon [_thread_blocked, id=17548, stack(0x000000a4fb700000,0x000000a4fb800000)]
  0x0000025ad850d130 JavaThread "Start Level: Equinox Container: 0f73b69b-6364-409c-81ef-8364d2913d4e" daemon [_thread_blocked, id=14416, stack(0x000000a4fb800000,0x000000a4fb900000)]
  0x0000025ad86347f0 JavaThread "SCR Component Actor" daemon [_thread_blocked, id=39916, stack(0x000000a4fb900000,0x000000a4fba00000)]
  0x0000025ad81d08a0 JavaThread "Worker-JM" [_thread_blocked, id=39572, stack(0x000000a4fbb00000,0x000000a4fbc00000)]
  0x0000025ad8aa6a20 JavaThread "Java indexing" daemon [_thread_blocked, id=25932, stack(0x000000a4fba00000,0x000000a4fbb00000)]
  0x0000025ad8aa3ed0 JavaThread "JNA Cleaner" daemon [_thread_blocked, id=10108, stack(0x000000a4fc000000,0x000000a4fc100000)]
  0x0000025ad8aa43a0 JavaThread "pool-2-thread-1" [_thread_blocked, id=34048, stack(0x000000a4fc100000,0x000000a4fc200000)]
  0x0000025ad8aa4870 JavaThread "WorkspaceEventsHandler" [_thread_blocked, id=18796, stack(0x000000a4fc200000,0x000000a4fc300000)]
  0x0000025ad8aa4d40 JavaThread "pool-1-thread-1" [_thread_blocked, id=19360, stack(0x000000a4fc300000,0x000000a4fc400000)]
  0x0000025adb81f420 JavaThread "Bundle File Closer" daemon [_thread_blocked, id=30328, stack(0x000000a4fca00000,0x000000a4fcb00000)]
  0x0000025ad9164720 JavaThread "Worker-12" [_thread_blocked, id=38808, stack(0x000000a4fc500000,0x000000a4fc600000)]
  0x0000025ad91638b0 JavaThread "Worker-16" [_thread_blocked, id=13764, stack(0x000000a4fbf00000,0x000000a4fc000000)]
  0x0000025adb820760 JavaThread "Java Debug Server" [_thread_in_native, id=32688, stack(0x000000a4fc400000,0x000000a4fc500000)]
  0x0000025adb81bf30 JavaThread "RxSchedulerPurge-1" daemon [_thread_blocked, id=21852, stack(0x000000a4fc800000,0x000000a4fc900000)]
  0x0000025adb8193e0 JavaThread "RxCachedWorkerPoolEvictor-1" daemon [_thread_blocked, id=34552, stack(0x000000a4fc900000,0x000000a4fca00000)]
  0x0000025adb8198b0 JavaThread "Worker-19: Building" [_thread_blocked, id=37988, stack(0x000000a4fa500000,0x000000a4fa600000)]
  0x0000025adb818f10 JavaThread "ForkJoinPool.commonPool-worker-15" daemon [_thread_blocked, id=37232, stack(0x000000a4fbc00000,0x000000a4fbd00000)]
  0x0000025ad9165a60 JavaThread "Compiler Processing Task" daemon [_thread_in_native, id=28164, stack(0x000000a4fa400000,0x000000a4fa500000)]

Other Threads:
  0x0000025ad35a87d0 VMThread "VM Thread" [stack: 0x000000a4fa800000,0x000000a4fa900000] [id=26148]
  0x0000025ad835bfa0 WatcherThread [stack: 0x000000a4fb400000,0x000000a4fb500000] [id=29056]
  0x0000025abf7f65f0 GCTaskThread "GC Thread#0" [stack: 0x000000a4fa700000,0x000000a4fa800000] [id=12740]
  0x0000025ad8736d40 GCTaskThread "GC Thread#1" [stack: 0x000000a4fb500000,0x000000a4fb600000] [id=5392]

Threads with active compile tasks:
C2 CompilerThread0  3651173 18387       4       org.eclipse.jdt.internal.core.builder.NameEnvironment::getModulesDeclaringPackage (336 bytes)

VM state: not at safepoint (normal execution)

VM Mutex/Monitor currently owned by a thread: None

Heap address: 0x00000000c0000000, size: 1024 MB, Compressed Oops mode: 32-bit

CDS archive(s) not mapped
Compressed class space mapped at: 0x0000000100000000-0x0000000140000000, reserved size: 1073741824
Narrow klass base: 0x0000000000000000, Narrow klass shift: 3, Narrow klass range: 0x140000000

GC Precious Log:
 CPUs: 2 total, 2 available
 Memory: 3963M
 Large Page Support: Disabled
 NUMA Support: Disabled
 Compressed Oops: Enabled (32-bit)
 Alignments: Space 512K, Generation 512K, Heap 2M
 Heap Min Capacity: 100M
 Heap Initial Capacity: 100M
 Heap Max Capacity: 1G
 Pre-touch: Disabled
 Parallel Workers: 2

Heap:
 PSYoungGen      total 3072K, used 443K [0x00000000eab00000, 0x00000000eaf00000, 0x0000000100000000)
  eden space 2048K, 0% used [0x00000000eab00000,0x00000000eab02dc0,0x00000000ead00000)
  from space 1024K, 42% used [0x00000000ead00000,0x00000000ead6c010,0x00000000eae00000)
  to   space 1024K, 0% used [0x00000000eae00000,0x00000000eae00000,0x00000000eaf00000)
 ParOldGen       total 145408K, used 139425K [0x00000000c0000000, 0x00000000c8e00000, 0x00000000eab00000)
  object space 145408K, 95% used [0x00000000c0000000,0x00000000c8828408,0x00000000c8e00000)
 Metaspace       used 82142K, committed 83264K, reserved 1179648K
  class space    used 8256K, committed 8768K, reserved 1048576K

Card table byte_map: [0x0000025abf190000,0x0000025abf3a0000] _byte_map_base: 0x0000025abeb90000

Marking Bits: (ParMarkBitMap*) 0x00007ffdfc7852c0
 Begin Bits: [0x0000025ad1470000, 0x0000025ad2470000)
 End Bits:   [0x0000025ad2470000, 0x0000025ad3470000)

Polling page: 0x0000025abd690000

Metaspace:

Usage:
  Non-class:     72.15 MB used.
      Class:      8.06 MB used.
       Both:     80.22 MB used.

Virtual space:
  Non-class space:      128.00 MB reserved,      72.75 MB ( 57%) committed,  2 nodes.
      Class space:        1.00 GB reserved,       8.56 MB ( <1%) committed,  1 nodes.
             Both:        1.12 GB reserved,      81.31 MB (  7%) committed. 

Chunk freelists:
   Non-Class:  6.06 MB
       Class:  7.50 MB
        Both:  13.56 MB

MaxMetaspaceSize: unlimited
CompressedClassSpaceSize: 1.00 GB
Initial GC threshold: 21.00 MB
Current GC threshold: 135.44 MB
CDS: off
MetaspaceReclaimPolicy: balanced
 - commit_granule_bytes: 65536.
 - commit_granule_words: 8192.
 - virtual_space_node_default_size: 8388608.
 - enlarge_chunks_in_place: 1.
 - new_chunks_are_fully_committed: 0.
 - uncommit_free_chunks: 1.
 - use_allocation_guard: 0.
 - handle_deallocations: 1.


Internal statistics:

num_allocs_failed_limit: 9.
num_arena_births: 662.
num_arena_deaths: 72.
num_vsnodes_births: 3.
num_vsnodes_deaths: 0.
num_space_committed: 1301.
num_space_uncommitted: 0.
num_chunks_returned_to_freelist: 86.
num_chunks_taken_from_freelist: 4208.
num_chunk_merges: 31.
num_chunk_splits: 2545.
num_chunks_enlarged: 1417.
num_inconsistent_stats: 0.

CodeHeap 'non-profiled nmethods': size=120064Kb used=15332Kb max_used=15415Kb free=104731Kb
 bounds [0x0000025ac9f30000, 0x0000025acae40000, 0x0000025ad1470000]
CodeHeap 'profiled nmethods': size=120000Kb used=30182Kb max_used=31163Kb free=89818Kb
 bounds [0x0000025ac2470000, 0x0000025ac42f0000, 0x0000025ac99a0000]
CodeHeap 'non-nmethods': size=5696Kb used=1394Kb max_used=1445Kb free=4302Kb
 bounds [0x0000025ac99a0000, 0x0000025ac9c10000, 0x0000025ac9f30000]
 total_blobs=14250 nmethods=13504 adapters=658
 compilation: enabled
              stopped_count=0, restarted_count=0
 full_count=0

Compilation events (20 events):
Event: 3640.492 Thread 0x0000025ad3651240 nmethod 18382 0x0000025ac2e62490 code [0x0000025ac2e626c0, 0x0000025ac2e62ed8]
Event: 3648.072 Thread 0x0000025ad3651240 18383       3       org.eclipse.jdt.internal.compiler.parser.RecoveredMethod::updateFromParserState (777 bytes)
Event: 3648.078 Thread 0x0000025ad3651240 nmethod 18383 0x0000025ac3fc9710 code [0x0000025ac3fc9a80, 0x0000025ac3fcbbb8]
Event: 3649.164 Thread 0x0000025ad3651240 18384       1       org.eclipse.osgi.internal.location.BasicLocation::isReadOnly (5 bytes)
Event: 3649.164 Thread 0x0000025ad3651240 nmethod 18384 0x0000025acaaa6490 code [0x0000025acaaa6620, 0x0000025acaaa66f8]
Event: 3650.511 Thread 0x0000025ad3651240 18385       3       org.eclipse.core.internal.resources.WorkManager::beginUnprotected (34 bytes)
Event: 3650.511 Thread 0x0000025ad3651240 nmethod 18385 0x0000025ac3077790 code [0x0000025ac3077940, 0x0000025ac3077c08]
Event: 3650.652 Thread 0x0000025ad3651240 18386       3       org.eclipse.jdt.internal.core.builder.SourceFile::getPackageName (24 bytes)
Event: 3650.653 Thread 0x0000025ad3651240 nmethod 18386 0x0000025ac330ca90 code [0x0000025ac330cc80, 0x0000025ac330cfd8]
Event: 3650.654 Thread 0x0000025ad35eddf0 18387       4       org.eclipse.jdt.internal.core.builder.NameEnvironment::getModulesDeclaringPackage (336 bytes)
Event: 3650.667 Thread 0x0000025ad3651240 18388       3       java.lang.Thread::<init> (9 bytes)
Event: 3650.667 Thread 0x0000025ad3651240 nmethod 18388 0x0000025ac3094190 code [0x0000025ac3094340, 0x0000025ac30944a8]
Event: 3650.749 Thread 0x0000025ad3651240 18389       3       org.eclipse.jdt.internal.compiler.Compiler::process (218 bytes)
Event: 3650.751 Thread 0x0000025ad3651240 nmethod 18389 0x0000025ac3f0a190 code [0x0000025ac3f0a420, 0x0000025ac3f0b028]
Event: 3650.755 Thread 0x0000025ad3651240 18390   !   3       org.eclipse.jdt.internal.compiler.lookup.SourceTypeBinding::fields (376 bytes)
Event: 3650.759 Thread 0x0000025ad3651240 nmethod 18390 0x0000025ac366e790 code [0x0000025ac366ea80, 0x0000025ac36701f8]
Event: 3650.988 Thread 0x0000025ad3651240 18391       3       org.eclipse.jdt.internal.core.builder.SourceFile::<init> (28 bytes)
Event: 3650.989 Thread 0x0000025ad3651240 nmethod 18391 0x0000025ac2563b90 code [0x0000025ac2563d40, 0x0000025ac2563f28]
Event: 3650.989 Thread 0x0000025ad3651240 18392       3       org.eclipse.jdt.internal.core.builder.SourceFile::extractTypeName (191 bytes)
Event: 3650.991 Thread 0x0000025ad3651240 nmethod 18392 0x0000025ac3b2fc10 code [0x0000025ac3b2fea0, 0x0000025ac3b30bf8]

GC Heap History (20 events):
Event: 3642.796 GC heap before
{Heap before GC invocations=3944 (full 118):
 PSYoungGen      total 1536K, used 1023K [0x00000000eab00000, 0x00000000ead80000, 0x0000000100000000)
  eden space 512K, 99% used [0x00000000eab00000,0x00000000eab7ffd8,0x00000000eab80000)
  from space 1024K, 50% used [0x00000000eac80000,0x00000000ead00000,0x00000000ead80000)
  to   space 1024K, 0% used [0x00000000eab80000,0x00000000eab80000,0x00000000eac80000)
 ParOldGen       total 145408K, used 130938K [0x00000000c0000000, 0x00000000c8e00000, 0x00000000eab00000)
  object space 145408K, 90% used [0x00000000c0000000,0x00000000c7fdeb08,0x00000000c8e00000)
 Metaspace       used 82140K, committed 83264K, reserved 1179648K
  class space    used 8256K, committed 8768K, reserved 1048576K
}
Event: 3642.801 GC heap after
{Heap after GC invocations=3944 (full 118):
 PSYoungGen      total 1536K, used 512K [0x00000000eab00000, 0x00000000eae00000, 0x0000000100000000)
  eden space 512K, 0% used [0x00000000eab00000,0x00000000eab00000,0x00000000eab80000)
  from space 1024K, 50% used [0x00000000eab80000,0x00000000eac00000,0x00000000eac80000)
  to   space 1024K, 0% used [0x00000000ead00000,0x00000000ead00000,0x00000000eae00000)
 ParOldGen       total 145408K, used 131418K [0x00000000c0000000, 0x00000000c8e00000, 0x00000000eab00000)
  object space 145408K, 90% used [0x00000000c0000000,0x00000000c8056b08,0x00000000c8e00000)
 Metaspace       used 82140K, committed 83264K, reserved 1179648K
  class space    used 8256K, committed 8768K, reserved 1048576K
}
Event: 3642.820 GC heap before
{Heap before GC invocations=3945 (full 118):
 PSYoungGen      total 1536K, used 1021K [0x00000000eab00000, 0x00000000eae00000, 0x0000000100000000)
  eden space 512K, 99% used [0x00000000eab00000,0x00000000eab7f418,0x00000000eab80000)
  from space 1024K, 50% used [0x00000000eab80000,0x00000000eac00000,0x00000000eac80000)
  to   space 1024K, 0% used [0x00000000ead00000,0x00000000ead00000,0x00000000eae00000)
 ParOldGen       total 145408K, used 131418K [0x00000000c0000000, 0x00000000c8e00000, 0x00000000eab00000)
  object space 145408K, 90% used [0x00000000c0000000,0x00000000c8056b08,0x00000000c8e00000)
 Metaspace       used 82140K, committed 83264K, reserved 1179648K
  class space    used 8256K, committed 8768K, reserved 1048576K
}
Event: 3642.824 GC heap after
{Heap after GC invocations=3945 (full 118):
 PSYoungGen      total 2048K, used 512K [0x00000000eab00000, 0x00000000eae00000, 0x0000000100000000)
  eden space 1024K, 0% used [0x00000000eab00000,0x00000000eab00000,0x00000000eac00000)
  from space 1024K, 50% used [0x00000000ead00000,0x00000000ead80000,0x00000000eae00000)
  to   space 1024K, 0% used [0x00000000eac00000,0x00000000eac00000,0x00000000ead00000)
 ParOldGen       total 145408K, used 131906K [0x00000000c0000000, 0x00000000c8e00000, 0x00000000eab00000)
  object space 145408K, 90% used [0x00000000c0000000,0x00000000c80d0b08,0x00000000c8e00000)
 Metaspace       used 82140K, committed 83264K, reserved 1179648K
  class space    used 8256K, committed 8768K, reserved 1048576K
}
Event: 3648.014 GC heap before
{Heap before GC invocations=3946 (full 118):
 PSYoungGen      total 2048K, used 1533K [0x00000000eab00000, 0x00000000eae00000, 0x0000000100000000)
  eden space 1024K, 99% used [0x00000000eab00000,0x00000000eabff580,0x00000000eac00000)
  from space 1024K, 50% used [0x00000000ead00000,0x00000000ead80000,0x00000000eae00000)
  to   space 1024K, 0% used [0x00000000eac00000,0x00000000eac00000,0x00000000ead00000)
 ParOldGen       total 145408K, used 131906K [0x00000000c0000000, 0x00000000c8e00000, 0x00000000eab00000)
  object space 145408K, 90% used [0x00000000c0000000,0x00000000c80d0b08,0x00000000c8e00000)
 Metaspace       used 82140K, committed 83264K, reserved 1179648K
  class space    used 8256K, committed 8768K, reserved 1048576K
}
Event: 3648.016 GC heap after
{Heap after GC invocations=3946 (full 118):
 PSYoungGen      total 2048K, used 518K [0x00000000eab00000, 0x00000000eae00000, 0x0000000100000000)
  eden space 1024K, 0% used [0x00000000eab00000,0x00000000eab00000,0x00000000eac00000)
  from space 1024K, 50% used [0x00000000eac00000,0x00000000eac81800,0x00000000ead00000)
  to   space 1024K, 0% used [0x00000000ead00000,0x00000000ead00000,0x00000000eae00000)
 ParOldGen       total 145408K, used 132370K [0x00000000c0000000, 0x00000000c8e00000, 0x00000000eab00000)
  object space 145408K, 91% used [0x00000000c0000000,0x00000000c8144b08,0x00000000c8e00000)
 Metaspace       used 82140K, committed 83264K, reserved 1179648K
  class space    used 8256K, committed 8768K, reserved 1048576K
}
Event: 3648.021 GC heap before
{Heap before GC invocations=3947 (full 118):
 PSYoungGen      total 2048K, used 1542K [0x00000000eab00000, 0x00000000eae00000, 0x0000000100000000)
  eden space 1024K, 100% used [0x00000000eab00000,0x00000000eac00000,0x00000000eac00000)
  from space 1024K, 50% used [0x00000000eac00000,0x00000000eac81800,0x00000000ead00000)
  to   space 1024K, 0% used [0x00000000ead00000,0x00000000ead00000,0x00000000eae00000)
 ParOldGen       total 145408K, used 132370K [0x00000000c0000000, 0x00000000c8e00000, 0x00000000eab00000)
  object space 145408K, 91% used [0x00000000c0000000,0x00000000c8144b08,0x00000000c8e00000)
 Metaspace       used 82140K, committed 83264K, reserved 1179648K
  class space    used 8256K, committed 8768K, reserved 1048576K
}
Event: 3648.025 GC heap after
{Heap after GC invocations=3947 (full 118):
 PSYoungGen      total 2048K, used 776K [0x00000000eab00000, 0x00000000eae80000, 0x0000000100000000)
  eden space 1024K, 0% used [0x00000000eab00000,0x00000000eab00000,0x00000000eac00000)
  from space 1024K, 75% used [0x00000000ead00000,0x00000000eadc2000,0x00000000eae00000)
  to   space 1024K, 0% used [0x00000000eac00000,0x00000000eac00000,0x00000000ead00000)
 ParOldGen       total 145408K, used 132755K [0x00000000c0000000, 0x00000000c8e00000, 0x00000000eab00000)
  object space 145408K, 91% used [0x00000000c0000000,0x00000000c81a4f98,0x00000000c8e00000)
 Metaspace       used 82140K, committed 83264K, reserved 1179648K
  class space    used 8256K, committed 8768K, reserved 1048576K
}
Event: 3648.035 GC heap before
{Heap before GC invocations=3948 (full 118):
 PSYoungGen      total 2048K, used 1800K [0x00000000eab00000, 0x00000000eae80000, 0x0000000100000000)
  eden space 1024K, 100% used [0x00000000eab00000,0x00000000eac00000,0x00000000eac00000)
  from space 1024K, 75% used [0x00000000ead00000,0x00000000eadc2000,0x00000000eae00000)
  to   space 1024K, 0% used [0x00000000eac00000,0x00000000eac00000,0x00000000ead00000)
 ParOldGen       total 145408K, used 132755K [0x00000000c0000000, 0x00000000c8e00000, 0x00000000eab00000)
  object space 145408K, 91% used [0x00000000c0000000,0x00000000c81a4f98,0x00000000c8e00000)
 Metaspace       used 82140K, committed 83264K, reserved 1179648K
  class space    used 8256K, committed 8768K, reserved 1048576K
}
Event: 3648.041 GC heap after
{Heap after GC invocations=3948 (full 118):
 PSYoungGen      total 2048K, used 496K [0x00000000eab00000, 0x00000000eae80000, 0x0000000100000000)
  eden space 1024K, 0% used [0x00000000eab00000,0x00000000eab00000,0x00000000eac00000)
  from space 1024K, 48% used [0x00000000eac00000,0x00000000eac7c010,0x00000000ead00000)
  to   space 1024K, 0% used [0x00000000ead80000,0x00000000ead80000,0x00000000eae80000)
 ParOldGen       total 145408K, used 133499K [0x00000000c0000000, 0x00000000c8e00000, 0x00000000eab00000)
  object space 145408K, 91% used [0x00000000c0000000,0x00000000c825efa8,0x00000000c8e00000)
 Metaspace       used 82140K, committed 83264K, reserved 1179648K
  class space    used 8256K, committed 8768K, reserved 1048576K
}
Event: 3648.045 GC heap before
{Heap before GC invocations=3949 (full 118):
 PSYoungGen      total 2048K, used 1520K [0x00000000eab00000, 0x00000000eae80000, 0x0000000100000000)
  eden space 1024K, 100% used [0x00000000eab00000,0x00000000eac00000,0x00000000eac00000)
  from space 1024K, 48% used [0x00000000eac00000,0x00000000eac7c010,0x00000000ead00000)
  to   space 1024K, 0% used [0x00000000ead80000,0x00000000ead80000,0x00000000eae80000)
 ParOldGen       total 145408K, used 133499K [0x00000000c0000000, 0x00000000c8e00000, 0x00000000eab00000)
  object space 145408K, 91% used [0x00000000c0000000,0x00000000c825efa8,0x00000000c8e00000)
 Metaspace       used 82140K, committed 83264K, reserved 1179648K
  class space    used 8256K, committed 8768K, reserved 1048576K
}
Event: 3648.052 GC heap after
{Heap after GC invocations=3949 (full 118):
 PSYoungGen      total 2560K, used 944K [0x00000000eab00000, 0x00000000eae80000, 0x0000000100000000)
  eden space 1536K, 0% used [0x00000000eab00000,0x00000000eab00000,0x00000000eac80000)
  from space 1024K, 92% used [0x00000000ead80000,0x00000000eae6c000,0x00000000eae80000)
  to   space 1024K, 0% used [0x00000000eac80000,0x00000000eac80000,0x00000000ead80000)
 ParOldGen       total 145408K, used 133969K [0x00000000c0000000, 0x00000000c8e00000, 0x00000000eab00000)
  object space 145408K, 92% used [0x00000000c0000000,0x00000000c82d4448,0x00000000c8e00000)
 Metaspace       used 82140K, committed 83264K, reserved 1179648K
  class space    used 8256K, committed 8768K, reserved 1048576K
}
Event: 3648.086 GC heap before
{Heap before GC invocations=3950 (full 118):
 PSYoungGen      total 2560K, used 2480K [0x00000000eab00000, 0x00000000eae80000, 0x0000000100000000)
  eden space 1536K, 100% used [0x00000000eab00000,0x00000000eac80000,0x00000000eac80000)
  from space 1024K, 92% used [0x00000000ead80000,0x00000000eae6c000,0x00000000eae80000)
  to   space 1024K, 0% used [0x00000000eac80000,0x00000000eac80000,0x00000000ead80000)
 ParOldGen       total 145408K, used 133969K [0x00000000c0000000, 0x00000000c8e00000, 0x00000000eab00000)
  object space 145408K, 92% used [0x00000000c0000000,0x00000000c82d4448,0x00000000c8e00000)
 Metaspace       used 82140K, committed 83264K, reserved 1179648K
  class space    used 8256K, committed 8768K, reserved 1048576K
}
Event: 3648.103 GC heap after
{Heap after GC invocations=3950 (full 118):
 PSYoungGen      total 2560K, used 672K [0x00000000eab00000, 0x00000000eaf00000, 0x0000000100000000)
  eden space 1536K, 0% used [0x00000000eab00000,0x00000000eab00000,0x00000000eac80000)
  from space 1024K, 65% used [0x00000000eac80000,0x00000000ead28000,0x00000000ead80000)
  to   space 1024K, 0% used [0x00000000eae00000,0x00000000eae00000,0x00000000eaf00000)
 ParOldGen       total 145408K, used 134897K [0x00000000c0000000, 0x00000000c8e00000, 0x00000000eab00000)
  object space 145408K, 92% used [0x00000000c0000000,0x00000000c83bc448,0x00000000c8e00000)
 Metaspace       used 82140K, committed 83264K, reserved 1179648K
  class space    used 8256K, committed 8768K, reserved 1048576K
}
Event: 3648.868 GC heap before
{Heap before GC invocations=3951 (full 118):
 PSYoungGen      total 2560K, used 2208K [0x00000000eab00000, 0x00000000eaf00000, 0x0000000100000000)
  eden space 1536K, 100% used [0x00000000eab00000,0x00000000eac80000,0x00000000eac80000)
  from space 1024K, 65% used [0x00000000eac80000,0x00000000ead28000,0x00000000ead80000)
  to   space 1024K, 0% used [0x00000000eae00000,0x00000000eae00000,0x00000000eaf00000)
 ParOldGen       total 145408K, used 134897K [0x00000000c0000000, 0x00000000c8e00000, 0x00000000eab00000)
  object space 145408K, 92% used [0x00000000c0000000,0x00000000c83bc448,0x00000000c8e00000)
 Metaspace       used 82140K, committed 83264K, reserved 1179648K
  class space    used 8256K, committed 8768K, reserved 1048576K
}
Event: 3648.873 GC heap after
{Heap after GC invocations=3951 (full 118):
 PSYoungGen      total 3072K, used 410K [0x00000000eab00000, 0x00000000eaf00000, 0x0000000100000000)
  eden space 2048K, 0% used [0x00000000eab00000,0x00000000eab00000,0x00000000ead00000)
  from space 1024K, 40% used [0x00000000eae00000,0x00000000eae66b20,0x00000000eaf00000)
  to   space 1024K, 0% used [0x00000000ead00000,0x00000000ead00000,0x00000000eae00000)
 ParOldGen       total 145408K, used 135526K [0x00000000c0000000, 0x00000000c8e00000, 0x00000000eab00000)
  object space 145408K, 93% used [0x00000000c0000000,0x00000000c84598e8,0x00000000c8e00000)
 Metaspace       used 82140K, committed 83264K, reserved 1179648K
  class space    used 8256K, committed 8768K, reserved 1048576K
}
Event: 3648.904 GC heap before
{Heap before GC invocations=3952 (full 118):
 PSYoungGen      total 3072K, used 2458K [0x00000000eab00000, 0x00000000eaf00000, 0x0000000100000000)
  eden space 2048K, 99% used [0x00000000eab00000,0x00000000eacfffe8,0x00000000ead00000)
  from space 1024K, 40% used [0x00000000eae00000,0x00000000eae66b20,0x00000000eaf00000)
  to   space 1024K, 0% used [0x00000000ead00000,0x00000000ead00000,0x00000000eae00000)
 ParOldGen       total 145408K, used 135526K [0x00000000c0000000, 0x00000000c8e00000, 0x00000000eab00000)
  object space 145408K, 93% used [0x00000000c0000000,0x00000000c84598e8,0x00000000c8e00000)
 Metaspace       used 82140K, committed 83264K, reserved 1179648K
  class space    used 8256K, committed 8768K, reserved 1048576K
}
Event: 3648.912 GC heap after
{Heap after GC invocations=3952 (full 118):
 PSYoungGen      total 3072K, used 1024K [0x00000000eab00000, 0x00000000eaf00000, 0x0000000100000000)
  eden space 2048K, 0% used [0x00000000eab00000,0x00000000eab00000,0x00000000ead00000)
  from space 1024K, 100% used [0x00000000ead00000,0x00000000eae00000,0x00000000eae00000)
  to   space 1024K, 0% used [0x00000000eae00000,0x00000000eae00000,0x00000000eaf00000)
 ParOldGen       total 145408K, used 136857K [0x00000000c0000000, 0x00000000c8e00000, 0x00000000eab00000)
  object space 145408K, 94% used [0x00000000c0000000,0x00000000c85a6408,0x00000000c8e00000)
 Metaspace       used 82140K, committed 83264K, reserved 1179648K
  class space    used 8256K, committed 8768K, reserved 1048576K
}
Event: 3650.319 GC heap before
{Heap before GC invocations=3953 (full 118):
 PSYoungGen      total 3072K, used 3072K [0x00000000eab00000, 0x00000000eaf00000, 0x0000000100000000)
  eden space 2048K, 100% used [0x00000000eab00000,0x00000000ead00000,0x00000000ead00000)
  from space 1024K, 100% used [0x00000000ead00000,0x00000000eae00000,0x00000000eae00000)
  to   space 1024K, 0% used [0x00000000eae00000,0x00000000eae00000,0x00000000eaf00000)
 ParOldGen       total 145408K, used 136857K [0x00000000c0000000, 0x00000000c8e00000, 0x00000000eab00000)
  object space 145408K, 94% used [0x00000000c0000000,0x00000000c85a6408,0x00000000c8e00000)
 Metaspace       used 82140K, committed 83264K, reserved 1179648K
  class space    used 8256K, committed 8768K, reserved 1048576K
}
Event: 3650.329 GC heap after
{Heap after GC invocations=3953 (full 118):
 PSYoungGen      total 3072K, used 1008K [0x00000000eab00000, 0x00000000eaf00000, 0x0000000100000000)
  eden space 2048K, 0% used [0x00000000eab00000,0x00000000eab00000,0x00000000ead00000)
  from space 1024K, 98% used [0x00000000eae00000,0x00000000eaefc000,0x00000000eaf00000)
  to   space 1024K, 0% used [0x00000000ead00000,0x00000000ead00000,0x00000000eae00000)
 ParOldGen       total 145408K, used 138409K [0x00000000c0000000, 0x00000000c8e00000, 0x00000000eab00000)
  object space 145408K, 95% used [0x00000000c0000000,0x00000000c872a408,0x00000000c8e00000)
 Metaspace       used 82140K, committed 83264K, reserved 1179648K
  class space    used 8256K, committed 8768K, reserved 1048576K
}

Dll operation events (11 events):
Event: 0.089 Loaded shared library c:\Users\ASUS\.vscode\extensions\redhat.java-1.19.0-win32-x64\jre\17.0.7-win32-x86_64\bin\java.dll
Event: 2.973 Loaded shared library c:\Users\ASUS\.vscode\extensions\redhat.java-1.19.0-win32-x64\jre\17.0.7-win32-x86_64\bin\zip.dll
Event: 3.001 Loaded shared library C:\Users\ASUS\.vscode\extensions\redhat.java-1.19.0-win32-x64\jre\17.0.7-win32-x86_64\bin\instrument.dll
Event: 3.168 Loaded shared library C:\Users\ASUS\.vscode\extensions\redhat.java-1.19.0-win32-x64\jre\17.0.7-win32-x86_64\bin\net.dll
Event: 3.230 Loaded shared library C:\Users\ASUS\.vscode\extensions\redhat.java-1.19.0-win32-x64\jre\17.0.7-win32-x86_64\bin\nio.dll
Event: 3.395 Loaded shared library C:\Users\ASUS\.vscode\extensions\redhat.java-1.19.0-win32-x64\jre\17.0.7-win32-x86_64\bin\zip.dll
Event: 3.498 Loaded shared library C:\Users\ASUS\.vscode\extensions\redhat.java-1.19.0-win32-x64\jre\17.0.7-win32-x86_64\bin\jimage.dll
Event: 3.973 Loaded shared library c:\Users\ASUS\.vscode\extensions\redhat.java-1.19.0-win32-x64\jre\17.0.7-win32-x86_64\bin\verify.dll
Event: 15.236 Loaded shared library C:\Users\ASUS\AppData\Roaming\Code\User\globalStorage\redhat.java\1.19.0\config_win\org.eclipse.equinox.launcher\org.eclipse.equinox.launcher.win32.win32.x86_64_1.2.700.v20221108-1024\eclipse_11801.dll
Event: 41.156 Loaded shared library C:\Users\ASUS\AppData\Local\Temp\jna-2018896\jna217100655880943515.dll
Event: 78.844 Loaded shared library C:\Users\ASUS\.vscode\extensions\redhat.java-1.19.0-win32-x64\jre\17.0.7-win32-x86_64\bin\sunmscapi.dll

Deoptimization events (20 events):
Event: 3639.113 Thread 0x0000025adb8198b0 Uncommon trap: trap_request=0xffffff45 fr.pc=0x0000025acad09fe0 relative=0x0000000000000060
Event: 3639.113 Thread 0x0000025adb8198b0 Uncommon trap: reason=unstable_if action=reinterpret pc=0x0000025acad09fe0 method=org.eclipse.jdt.internal.compiler.parser.RecoveredMethod.updateFromParserState()V @ 4 c2
Event: 3639.113 Thread 0x0000025adb8198b0 DEOPT PACKING pc=0x0000025acad09fe0 sp=0x000000a4fa5fea10
Event: 3639.113 Thread 0x0000025adb8198b0 DEOPT UNPACKING pc=0x0000025ac99f66a3 sp=0x000000a4fa5fe940 mode 2
Event: 3640.491 Thread 0x0000025ad9164720 Uncommon trap: trap_request=0xffffff45 fr.pc=0x0000025aca6b2a14 relative=0x00000000000000f4
Event: 3640.491 Thread 0x0000025ad9164720 Uncommon trap: reason=unstable_if action=reinterpret pc=0x0000025aca6b2a14 method=org.eclipse.core.internal.resources.MarkerSet.get(J)Lorg/eclipse/core/internal/resources/IMarkerSetElement; @ 68 c2
Event: 3640.491 Thread 0x0000025ad9164720 DEOPT PACKING pc=0x0000025aca6b2a14 sp=0x000000a4fc5fdcf0
Event: 3640.491 Thread 0x0000025ad9164720 DEOPT UNPACKING pc=0x0000025ac99f66a3 sp=0x000000a4fc5fdc68 mode 2
Event: 3643.268 Thread 0x0000025ad8aa4d40 Uncommon trap: trap_request=0xffffff45 fr.pc=0x0000025acab0ae8c relative=0x0000000000003d0c
Event: 3643.268 Thread 0x0000025ad8aa4d40 Uncommon trap: reason=unstable_if action=reinterpret pc=0x0000025acab0ae8c method=org.eclipse.lsp4j.jsonrpc.json.StreamMessageProducer.handleMessage(Ljava/io/InputStream;Lorg/eclipse/lsp4j/jsonrpc/json/StreamMessageProducer$Headers;)Z @ 52 c2
Event: 3643.269 Thread 0x0000025ad8aa4d40 DEOPT PACKING pc=0x0000025acab0ae8c sp=0x000000a4fc3ff130
Event: 3643.269 Thread 0x0000025ad8aa4d40 DEOPT UNPACKING pc=0x0000025ac99f66a3 sp=0x000000a4fc3ff068 mode 2
Event: 3650.511 Thread 0x0000025ad91638b0 Uncommon trap: trap_request=0xffffff45 fr.pc=0x0000025aca670448 relative=0x0000000000000d28
Event: 3650.511 Thread 0x0000025ad91638b0 Uncommon trap: reason=unstable_if action=reinterpret pc=0x0000025aca670448 method=java.io.BufferedOutputStream.write([BII)V @ 35 c2
Event: 3650.511 Thread 0x0000025ad91638b0 DEOPT PACKING pc=0x0000025aca670448 sp=0x000000a4fbffef40
Event: 3650.511 Thread 0x0000025ad91638b0 DEOPT UNPACKING pc=0x0000025ac99f66a3 sp=0x000000a4fbffee90 mode 2
Event: 3650.516 Thread 0x0000025ad91638b0 Uncommon trap: trap_request=0xffffff45 fr.pc=0x0000025aca6aae18 relative=0x00000000000003d8
Event: 3650.517 Thread 0x0000025ad91638b0 Uncommon trap: reason=unstable_if action=reinterpret pc=0x0000025aca6aae18 method=java.io.BufferedOutputStream.write([BII)V @ 35 c2
Event: 3650.517 Thread 0x0000025ad91638b0 DEOPT PACKING pc=0x0000025aca6aae18 sp=0x000000a4fbffe850
Event: 3650.517 Thread 0x0000025ad91638b0 DEOPT UNPACKING pc=0x0000025ac99f66a3 sp=0x000000a4fbffe818 mode 2

Classes unloaded (20 events):
Event: 993.809 Thread 0x0000025ad35a87d0 Unloading class 0x00000001001a2800 'java/lang/invoke/LambdaForm$MH+0x00000001001a2800'
Event: 993.809 Thread 0x0000025ad35a87d0 Unloading class 0x00000001001a2000 'java/lang/invoke/LambdaForm$MH+0x00000001001a2000'
Event: 993.809 Thread 0x0000025ad35a87d0 Unloading class 0x00000001001a1c00 'java/lang/invoke/LambdaForm$MH+0x00000001001a1c00'
Event: 993.809 Thread 0x0000025ad35a87d0 Unloading class 0x00000001001a1800 'java/lang/invoke/LambdaForm$MH+0x00000001001a1800'
Event: 993.809 Thread 0x0000025ad35a87d0 Unloading class 0x00000001001a1000 'java/lang/invoke/LambdaForm$MH+0x00000001001a1000'
Event: 993.809 Thread 0x0000025ad35a87d0 Unloading class 0x00000001001a0c00 'java/lang/invoke/LambdaForm$MH+0x00000001001a0c00'
Event: 993.809 Thread 0x0000025ad35a87d0 Unloading class 0x00000001001a0800 'java/lang/invoke/LambdaForm$MH+0x00000001001a0800'
Event: 993.809 Thread 0x0000025ad35a87d0 Unloading class 0x00000001001a0000 'java/lang/invoke/LambdaForm$MH+0x00000001001a0000'
Event: 993.809 Thread 0x0000025ad35a87d0 Unloading class 0x0000000100129000 'jdk/internal/reflect/GeneratedMethodAccessor5'
Event: 993.809 Thread 0x0000025ad35a87d0 Unloading class 0x0000000100128c00 'jdk/internal/reflect/GeneratedMethodAccessor4'
Event: 993.809 Thread 0x0000025ad35a87d0 Unloading class 0x0000000100128800 'jdk/internal/reflect/GeneratedMethodAccessor3'
Event: 993.809 Thread 0x0000025ad35a87d0 Unloading class 0x0000000100128400 'jdk/internal/reflect/GeneratedMethodAccessor2'
Event: 993.809 Thread 0x0000025ad35a87d0 Unloading class 0x0000000100128000 'jdk/internal/reflect/GeneratedMethodAccessor1'
Event: 1055.185 Thread 0x0000025ad35a87d0 Unloading class 0x00000001003d2400 'java/lang/invoke/LambdaForm$MH+0x00000001003d2400'
Event: 1055.185 Thread 0x0000025ad35a87d0 Unloading class 0x0000000100395400 'java/lang/invoke/LambdaForm$MH+0x0000000100395400'
Event: 1055.185 Thread 0x0000025ad35a87d0 Unloading class 0x0000000100395000 'java/lang/invoke/LambdaForm$MH+0x0000000100395000'
Event: 1055.185 Thread 0x0000025ad35a87d0 Unloading class 0x0000000100394c00 'java/lang/invoke/LambdaForm$MH+0x0000000100394c00'
Event: 1055.185 Thread 0x0000025ad35a87d0 Unloading class 0x0000000100394800 'java/lang/invoke/LambdaForm$MH+0x0000000100394800'
Event: 1055.185 Thread 0x0000025ad35a87d0 Unloading class 0x0000000100394400 'java/lang/invoke/LambdaForm$MH+0x0000000100394400'
Event: 1055.185 Thread 0x0000025ad35a87d0 Unloading class 0x0000000100394000 'java/lang/invoke/LambdaForm$MH+0x0000000100394000'

Classes redefined (0 events):
No events

Internal exceptions (20 events):
Event: 3648.066 Thread 0x0000025adb8198b0 Exception <a 'java/io/IOException'{0x00000000eab8b260}> (0x00000000eab8b260) 
thrown [s\src\hotspot\share\prims\jni.cpp, line 516]
Event: 3648.197 Thread 0x0000025adb8198b0 Exception <a 'java/io/IOException'{0x00000000eac25610}> (0x00000000eac25610) 
thrown [s\src\hotspot\share\prims\jni.cpp, line 516]
Event: 3648.197 Thread 0x0000025adb8198b0 Exception <a 'java/io/IOException'{0x00000000eac25920}> (0x00000000eac25920) 
thrown [s\src\hotspot\share\prims\jni.cpp, line 516]
Event: 3648.197 Thread 0x0000025adb8198b0 Exception <a 'java/io/IOException'{0x00000000eac25ef0}> (0x00000000eac25ef0) 
thrown [s\src\hotspot\share\prims\jni.cpp, line 516]
Event: 3648.200 Thread 0x0000025adb8198b0 Exception <a 'java/io/IOException'{0x00000000eac2e080}> (0x00000000eac2e080) 
thrown [s\src\hotspot\share\prims\jni.cpp, line 516]
Event: 3648.200 Thread 0x0000025adb8198b0 Exception <a 'java/io/IOException'{0x00000000eac2e390}> (0x00000000eac2e390) 
thrown [s\src\hotspot\share\prims\jni.cpp, line 516]
Event: 3648.200 Thread 0x0000025adb8198b0 Exception <a 'java/io/IOException'{0x00000000eac2e6a0}> (0x00000000eac2e6a0) 
thrown [s\src\hotspot\share\prims\jni.cpp, line 516]
Event: 3648.995 Thread 0x0000025ad8aa6a20 Exception <a 'sun/nio/fs/WindowsException'{0x00000000eacc8198}> (0x00000000eacc8198) 
thrown [s\src\hotspot\share\prims\jni.cpp, line 516]
Event: 3650.512 Thread 0x0000025ad91638b0 Exception <a 'java/io/IOException'{0x00000000eab21f08}> (0x00000000eab21f08) 
thrown [s\src\hotspot\share\prims\jni.cpp, line 516]
Event: 3650.512 Thread 0x0000025ad91638b0 Exception <a 'java/io/IOException'{0x00000000eab22218}> (0x00000000eab22218) 
thrown [s\src\hotspot\share\prims\jni.cpp, line 516]
Event: 3650.512 Thread 0x0000025ad91638b0 Exception <a 'java/io/IOException'{0x00000000eab22528}> (0x00000000eab22528) 
thrown [s\src\hotspot\share\prims\jni.cpp, line 516]
Event: 3650.517 Thread 0x0000025ad91638b0 Exception <a 'java/io/IOException'{0x00000000eab42e88}> (0x00000000eab42e88) 
thrown [s\src\hotspot\share\prims\jni.cpp, line 516]
Event: 3650.517 Thread 0x0000025ad91638b0 Exception <a 'java/io/IOException'{0x00000000eab433e0}> (0x00000000eab433e0) 
thrown [s\src\hotspot\share\prims\jni.cpp, line 516]
Event: 3650.517 Thread 0x0000025ad91638b0 Exception <a 'java/io/IOException'{0x00000000eab436f0}> (0x00000000eab436f0) 
thrown [s\src\hotspot\share\prims\jni.cpp, line 516]
Event: 3650.527 Thread 0x0000025ad91638b0 Exception <a 'java/io/IOException'{0x00000000eab65bd0}> (0x00000000eab65bd0) 
thrown [s\src\hotspot\share\prims\jni.cpp, line 516]
Event: 3650.527 Thread 0x0000025ad91638b0 Exception <a 'java/io/IOException'{0x00000000eab65ee0}> (0x00000000eab65ee0) 
thrown [s\src\hotspot\share\prims\jni.cpp, line 516]
Event: 3650.527 Thread 0x0000025ad91638b0 Exception <a 'java/io/IOException'{0x00000000eab661f0}> (0x00000000eab661f0) 
thrown [s\src\hotspot\share\prims\jni.cpp, line 516]
Event: 3650.647 Thread 0x0000025adb8198b0 Exception <a 'java/io/IOException'{0x00000000eab23a40}> (0x00000000eab23a40) 
thrown [s\src\hotspot\share\prims\jni.cpp, line 516]
Event: 3650.647 Thread 0x0000025adb8198b0 Exception <a 'java/io/IOException'{0x00000000eab23d50}> (0x00000000eab23d50) 
thrown [s\src\hotspot\share\prims\jni.cpp, line 516]
Event: 3650.647 Thread 0x0000025adb8198b0 Exception <a 'java/io/IOException'{0x00000000eab24060}> (0x00000000eab24060) 
thrown [s\src\hotspot\share\prims\jni.cpp, line 516]

VM Operations (20 events):
Event: 3642.795 Executing VM operation: ParallelGCFailedAllocation
Event: 3642.801 Executing VM operation: ParallelGCFailedAllocation done
Event: 3642.820 Executing VM operation: ParallelGCFailedAllocation
Event: 3642.824 Executing VM operation: ParallelGCFailedAllocation done
Event: 3643.345 Executing VM operation: ParallelGCFailedAllocation
Event: 3648.018 Executing VM operation: ParallelGCFailedAllocation done
Event: 3648.021 Executing VM operation: ParallelGCFailedAllocation
Event: 3648.025 Executing VM operation: ParallelGCFailedAllocation done
Event: 3648.035 Executing VM operation: ParallelGCFailedAllocation
Event: 3648.042 Executing VM operation: ParallelGCFailedAllocation done
Event: 3648.045 Executing VM operation: ParallelGCFailedAllocation
Event: 3648.052 Executing VM operation: ParallelGCFailedAllocation done
Event: 3648.086 Executing VM operation: ParallelGCFailedAllocation
Event: 3648.103 Executing VM operation: ParallelGCFailedAllocation done
Event: 3648.868 Executing VM operation: ParallelGCFailedAllocation
Event: 3648.873 Executing VM operation: ParallelGCFailedAllocation done
Event: 3648.904 Executing VM operation: ParallelGCFailedAllocation
Event: 3648.912 Executing VM operation: ParallelGCFailedAllocation done
Event: 3650.319 Executing VM operation: ParallelGCFailedAllocation
Event: 3650.329 Executing VM operation: ParallelGCFailedAllocation done

Events (20 events):
Event: 3639.308 Thread 0x0000025ad9164bf0 Thread exited: 0x0000025ad9164bf0
Event: 3639.324 Thread 0x0000025ad9160890 Thread added: 0x0000025ad9160890
Event: 3639.333 Thread 0x0000025ad9164bf0 Thread added: 0x0000025ad9164bf0
Event: 3639.344 Thread 0x0000025ad9160890 Thread exited: 0x0000025ad9160890
Event: 3639.386 Thread 0x0000025ad9165590 Thread added: 0x0000025ad9165590
Event: 3639.391 Thread 0x0000025ad91620a0 Thread added: 0x0000025ad91620a0
Event: 3639.450 Thread 0x0000025ad9165590 Thread exited: 0x0000025ad9165590
Event: 3639.452 Thread 0x0000025ad9164bf0 Thread exited: 0x0000025ad9164bf0
Event: 3639.464 Thread 0x0000025ad91620a0 Thread exited: 0x0000025ad91620a0
Event: 3640.170 Thread 0x0000025ad9164bf0 Thread added: 0x0000025ad9164bf0
Event: 3640.219 Thread 0x0000025ad9165590 Thread added: 0x0000025ad9165590
Event: 3640.302 Thread 0x0000025ad9165590 Thread exited: 0x0000025ad9165590
Event: 3640.367 Thread 0x0000025ad9164bf0 Thread exited: 0x0000025ad9164bf0
Event: 3640.466 Thread 0x0000025ad91668d0 Thread added: 0x0000025ad91668d0
Event: 3640.492 Thread 0x0000025ad91668d0 Thread exited: 0x0000025ad91668d0
Event: 3640.523 Thread 0x0000025ad9164bf0 Thread added: 0x0000025ad9164bf0
Event: 3642.634 Thread 0x0000025ad9164bf0 Thread exited: 0x0000025ad9164bf0
Event: 3650.668 Thread 0x0000025ad9165a60 Thread added: 0x0000025ad9165a60
Event: 3650.780 Thread 0x0000025ad9165a60 Thread exited: 0x0000025ad9165a60
Event: 3651.004 Thread 0x0000025ad9165a60 Thread added: 0x0000025ad9165a60


Dynamic libraries:
0x00007ff7cb1e0000 - 0x00007ff7cb1ee000 	c:\Users\ASUS\.vscode\extensions\redhat.java-1.19.0-win32-x64\jre\17.0.7-win32-x86_64\bin\java.exe
0x00007ffe48450000 - 0x00007ffe48648000 	C:\WINDOWS\SYSTEM32\ntdll.dll
0x00007ffe37520000 - 0x00007ffe37539000 	C:\Program Files\Avast Software\Avast\aswhook.dll
0x00007ffe47ec0000 - 0x00007ffe47f7f000 	C:\WINDOWS\System32\KERNEL32.DLL
0x00007ffe45eb0000 - 0x00007ffe461a6000 	C:\WINDOWS\System32\KERNELBASE.dll
0x00007ffe45d60000 - 0x00007ffe45e60000 	C:\WINDOWS\System32\ucrtbase.dll
0x00007ffe3baf0000 - 0x00007ffe3bb07000 	c:\Users\ASUS\.vscode\extensions\redhat.java-1.19.0-win32-x64\jre\17.0.7-win32-x86_64\bin\jli.dll
0x00007ffe478c0000 - 0x00007ffe47a5d000 	C:\WINDOWS\System32\USER32.dll
0x00007ffe45bd0000 - 0x00007ffe45bf2000 	C:\WINDOWS\System32\win32u.dll
0x00007ffe47800000 - 0x00007ffe4782c000 	C:\WINDOWS\System32\GDI32.dll
0x00007ffe46320000 - 0x00007ffe46435000 	C:\WINDOWS\System32\gdi32full.dll
0x00007ffe45b30000 - 0x00007ffe45bcd000 	C:\WINDOWS\System32\msvcp_win.dll
0x00007ffe3b850000 - 0x00007ffe3b869000 	c:\Users\ASUS\.vscode\extensions\redhat.java-1.19.0-win32-x64\jre\17.0.7-win32-x86_64\bin\VCRUNTIME140.dll
0x00007ffe36e00000 - 0x00007ffe3709a000 	C:\WINDOWS\WinSxS\amd64_microsoft.windows.common-controls_6595b64144ccf1df_6.0.19041.1110_none_60b5254171f9507e\COMCTL32.dll
0x00007ffe46d60000 - 0x00007ffe46dfe000 	C:\WINDOWS\System32\msvcrt.dll
0x00007ffe46e00000 - 0x00007ffe46e30000 	C:\WINDOWS\System32\IMM32.DLL
0x00007ffe3c210000 - 0x00007ffe3c21c000 	c:\Users\ASUS\.vscode\extensions\redhat.java-1.19.0-win32-x64\jre\17.0.7-win32-x86_64\bin\vcruntime140_1.dll
0x00007ffe2f370000 - 0x00007ffe2f401000 	c:\Users\ASUS\.vscode\extensions\redhat.java-1.19.0-win32-x64\jre\17.0.7-win32-x86_64\bin\msvcp140.dll
0x00007ffdfbc00000 - 0x00007ffdfc848000 	c:\Users\ASUS\.vscode\extensions\redhat.java-1.19.0-win32-x64\jre\17.0.7-win32-x86_64\bin\server\jvm.dll
0x00007ffe47f80000 - 0x00007ffe4802f000 	C:\WINDOWS\System32\ADVAPI32.dll
0x00007ffe47ad0000 - 0x00007ffe47b6c000 	C:\WINDOWS\System32\sechost.dll
0x00007ffe482e0000 - 0x00007ffe48406000 	C:\WINDOWS\System32\RPCRT4.dll
0x00007ffe30830000 - 0x00007ffe30839000 	C:\WINDOWS\SYSTEM32\WSOCK32.dll
0x00007ffe47a60000 - 0x00007ffe47acb000 	C:\WINDOWS\System32\WS2_32.dll
0x00007ffe3f230000 - 0x00007ffe3f257000 	C:\WINDOWS\SYSTEM32\WINMM.dll
0x00007ffe3f220000 - 0x00007ffe3f22a000 	C:\WINDOWS\SYSTEM32\VERSION.dll
0x00007ffe439e0000 - 0x00007ffe439f2000 	C:\WINDOWS\SYSTEM32\kernel.appcore.dll
0x00007ffe3a4a0000 - 0x00007ffe3a4aa000 	c:\Users\ASUS\.vscode\extensions\redhat.java-1.19.0-win32-x64\jre\17.0.7-win32-x86_64\bin\jimage.dll
0x00007ffe37ba0000 - 0x00007ffe37d84000 	C:\WINDOWS\SYSTEM32\DBGHELP.DLL
0x00007ffe365f0000 - 0x00007ffe36624000 	C:\WINDOWS\SYSTEM32\dbgcore.DLL
0x00007ffe461b0000 - 0x00007ffe46232000 	C:\WINDOWS\System32\bcryptPrimitives.dll
0x00007ffe3a480000 - 0x00007ffe3a48e000 	c:\Users\ASUS\.vscode\extensions\redhat.java-1.19.0-win32-x64\jre\17.0.7-win32-x86_64\bin\instrument.dll
0x00007ffe2ff80000 - 0x00007ffe2ffa5000 	c:\Users\ASUS\.vscode\extensions\redhat.java-1.19.0-win32-x64\jre\17.0.7-win32-x86_64\bin\java.dll
0x00007ffe2ff60000 - 0x00007ffe2ff78000 	c:\Users\ASUS\.vscode\extensions\redhat.java-1.19.0-win32-x64\jre\17.0.7-win32-x86_64\bin\zip.dll
0x00007ffe46600000 - 0x00007ffe46d44000 	C:\WINDOWS\System32\SHELL32.dll
0x00007ffe43be0000 - 0x00007ffe44373000 	C:\WINDOWS\SYSTEM32\windows.storage.dll
0x00007ffe474a0000 - 0x00007ffe477f4000 	C:\WINDOWS\System32\combase.dll
0x00007ffe45510000 - 0x00007ffe4553e000 	C:\WINDOWS\SYSTEM32\Wldp.dll
0x00007ffe48030000 - 0x00007ffe480dd000 	C:\WINDOWS\System32\SHCORE.dll
0x00007ffe47b70000 - 0x00007ffe47bc5000 	C:\WINDOWS\System32\shlwapi.dll
0x00007ffe45a70000 - 0x00007ffe45a8f000 	C:\WINDOWS\SYSTEM32\profapi.dll
0x00007ffe2f250000 - 0x00007ffe2f269000 	C:\Users\ASUS\.vscode\extensions\redhat.java-1.19.0-win32-x64\jre\17.0.7-win32-x86_64\bin\net.dll
0x00007ffe3cf20000 - 0x00007ffe3d02a000 	C:\WINDOWS\SYSTEM32\WINHTTP.dll
0x00007ffe45270000 - 0x00007ffe452da000 	C:\WINDOWS\system32\mswsock.dll
0x00007ffe2f230000 - 0x00007ffe2f245000 	C:\Users\ASUS\.vscode\extensions\redhat.java-1.19.0-win32-x64\jre\17.0.7-win32-x86_64\bin\nio.dll
0x00007ffe39d90000 - 0x00007ffe39da0000 	c:\Users\ASUS\.vscode\extensions\redhat.java-1.19.0-win32-x64\jre\17.0.7-win32-x86_64\bin\verify.dll
0x00007ffe2f330000 - 0x00007ffe2f36e000 	C:\Users\ASUS\AppData\Roaming\Code\User\globalStorage\redhat.java\1.19.0\config_win\org.eclipse.equinox.launcher\org.eclipse.equinox.launcher.win32.win32.x86_64_1.2.700.v20221108-1024\eclipse_11801.dll
0x00007ffe47d80000 - 0x00007ffe47eaa000 	C:\WINDOWS\System32\ole32.dll
0x00007ffe45460000 - 0x00007ffe45478000 	C:\WINDOWS\SYSTEM32\CRYPTSP.dll
0x00007ffe44b20000 - 0x00007ffe44b54000 	C:\WINDOWS\system32\rsaenh.dll
0x00007ffe46240000 - 0x00007ffe46267000 	C:\WINDOWS\System32\bcrypt.dll
0x00007ffe45a30000 - 0x00007ffe45a5e000 	C:\WINDOWS\SYSTEM32\USERENV.dll
0x00007ffe45480000 - 0x00007ffe4548c000 	C:\WINDOWS\SYSTEM32\CRYPTBASE.dll
0x00007ffe44ef0000 - 0x00007ffe44f2c000 	C:\WINDOWS\SYSTEM32\IPHLPAPI.DLL
0x00007ffe46d50000 - 0x00007ffe46d58000 	C:\WINDOWS\System32\NSI.dll
0x00007ffe37a40000 - 0x00007ffe37a57000 	C:\WINDOWS\SYSTEM32\dhcpcsvc6.DLL
0x00007ffe37870000 - 0x00007ffe3788d000 	C:\WINDOWS\SYSTEM32\dhcpcsvc.DLL
0x00007ffe44f40000 - 0x00007ffe4500a000 	C:\WINDOWS\SYSTEM32\DNSAPI.dll
0x00007ffe2e260000 - 0x00007ffe2e2a5000 	C:\Users\ASUS\AppData\Local\Temp\jna-2018896\jna217100655880943515.dll
0x00007ffe48270000 - 0x00007ffe48278000 	C:\WINDOWS\System32\PSAPI.DLL
0x00007ffe3d320000 - 0x00007ffe3d32e000 	C:\Users\ASUS\.vscode\extensions\redhat.java-1.19.0-win32-x64\jre\17.0.7-win32-x86_64\bin\sunmscapi.dll
0x00007ffe45c00000 - 0x00007ffe45d5e000 	C:\WINDOWS\System32\CRYPT32.dll
0x00007ffe45580000 - 0x00007ffe455a8000 	C:\WINDOWS\SYSTEM32\ncrypt.dll
0x00007ffe45540000 - 0x00007ffe4557b000 	C:\WINDOWS\SYSTEM32\NTASN1.dll

dbghelp: loaded successfully - version: 4.0.5 - missing functions: none
symbol engine: initialized successfully - sym options: 0x614 - pdb path: .;c:\Users\ASUS\.vscode\extensions\redhat.java-1.19.0-win32-x64\jre\17.0.7-win32-x86_64\bin;C:\WINDOWS\SYSTEM32;C:\Program Files\Avast Software\Avast;C:\WINDOWS\WinSxS\amd64_microsoft.windows.common-controls_6595b64144ccf1df_6.0.19041.1110_none_60b5254171f9507e;c:\Users\ASUS\.vscode\extensions\redhat.java-1.19.0-win32-x64\jre\17.0.7-win32-x86_64\bin\server;C:\Users\ASUS\AppData\Roaming\Code\User\globalStorage\redhat.java\1.19.0\config_win\org.eclipse.equinox.launcher\org.eclipse.equinox.launcher.win32.win32.x86_64_1.2.700.v20221108-1024;C:\Users\ASUS\AppData\Local\Temp\jna-2018896

VM Arguments:
jvm_args: --add-modules=ALL-SYSTEM --add-opens=java.base/java.util=ALL-UNNAMED --add-opens=java.base/java.lang=ALL-UNNAMED --add-opens=java.base/sun.nio.fs=ALL-UNNAMED -Declipse.application=org.eclipse.jdt.ls.core.id1 -Dosgi.bundles.defaultStartLevel=4 -Declipse.product=org.eclipse.jdt.ls.core.product -Djava.import.generatesMetadataFilesAtProjectRoot=false -Dfile.encoding=utf8 -XX:+UseParallelGC -XX:GCTimeRatio=4 -XX:AdaptiveSizePolicyWeight=90 -Dsun.zip.disableMemoryMapping=true -Xmx1G -Xms100m -Xlog:disable -javaagent:c:\Users\ASUS\.vscode\extensions\redhat.java-1.19.0-win32-x64\lombok\lombok-1.18.28.jar -XX:+HeapDumpOnOutOfMemoryError -XX:HeapDumpPath=c:\Users\ASUS\AppData\Roaming\Code\User\workspaceStorage\d7e3eb3a7148ce55f8d3d0e71caa708b\redhat.java -Daether.dependencyCollector.impl=bf 
java_command: c:\Users\ASUS\.vscode\extensions\redhat.java-1.19.0-win32-x64\server\plugins\org.eclipse.equinox.launcher_1.6.400.v20210924-0641.jar -configuration c:\Users\ASUS\AppData\Roaming\Code\User\globalStorage\redhat.java\1.19.0\config_win -data c:\Users\ASUS\AppData\Roaming\Code\User\workspaceStorage\d7e3eb3a7148ce55f8d3d0e71caa708b\redhat.java\jdt_ws
java_class_path (initial): c:\Users\ASUS\.vscode\extensions\redhat.java-1.19.0-win32-x64\server\plugins\org.eclipse.equinox.launcher_1.6.400.v20210924-0641.jar
Launcher Type: SUN_STANDARD

[Global flags]
    uintx AdaptiveSizePolicyWeight                 = 90                                        {product} {command line}
     intx CICompilerCount                          = 2                                         {product} {ergonomic}
    uintx GCTimeRatio                              = 4                                         {product} {command line}
     bool HeapDumpOnOutOfMemoryError               = true                                   {manageable} {command line}
    ccstr HeapDumpPath                             = c:\Users\ASUS\AppData\Roaming\Code\User\workspaceStorage\d7e3eb3a7148ce55f8d3d0e71caa708b\redhat.java         {manageable} {command line}
   size_t InitialHeapSize                          = 104857600                                 {product} {command line}
   size_t MaxHeapSize                              = 1073741824                                {product} {command line}
   size_t MaxNewSize                               = 357564416                                 {product} {ergonomic}
   size_t MinHeapDeltaBytes                        = 524288                                    {product} {ergonomic}
   size_t MinHeapSize                              = 104857600                                 {product} {command line}
   size_t NewSize                                  = 34603008                                  {product} {ergonomic}
    uintx NonNMethodCodeHeapSize                   = 5826188                                {pd product} {ergonomic}
    uintx NonProfiledCodeHeapSize                  = 122916026                              {pd product} {ergonomic}
   size_t OldSize                                  = 70254592                                  {product} {ergonomic}
    uintx ProfiledCodeHeapSize                     = 122916026                              {pd product} {ergonomic}
    uintx ReservedCodeCacheSize                    = 251658240                              {pd product} {ergonomic}
     bool SegmentedCodeCache                       = true                                      {product} {ergonomic}
   size_t SoftMaxHeapSize                          = 1073741824                             {manageable} {ergonomic}
     bool UseCompressedClassPointers               = true                           {product lp64_product} {ergonomic}
     bool UseCompressedOops                        = true                           {product lp64_product} {ergonomic}
     bool UseLargePagesIndividualAllocation        = false                                  {pd product} {ergonomic}
     bool UseParallelGC                            = true                                      {product} {command line}

Logging:
Log output configuration:
 #0: stdout all=off uptime,level,tags
 #1: stderr all=off uptime,level,tags

Environment Variables:
PATH=C:\Program Files\Common Files\Oracle\Java\javapath;C:\WINDOWS\system32;C:\WINDOWS;C:\WINDOWS\System32\Wbem;C:\WINDOWS\System32\WindowsPowerShell\v1.0\;C:\WINDOWS\System32\OpenSSH\;C:\Program Files\Git\cmd;C:\Users\ASUS\AppData\Local\Programs\Python\Python310;C:\Users\ASUS\AppData\Local\Microsoft\WindowsApps;C:\Users\ASUS\AppData\Local\Programs\Microsoft VS Code\bin;C:\Users\ASUS\AppData\Local\GitHubDesktop\bin
USERNAME=ASUS
OS=Windows_NT
PROCESSOR_IDENTIFIER=AMD64 Family 21 Model 112 Stepping 0, AuthenticAMD
TMP=C:\Users\ASUS\AppData\Local\Temp
TEMP=C:\Users\ASUS\AppData\Local\Temp



---------------  S Y S T E M  ---------------

OS:
 Windows 10 , 64 bit Build 19041 (10.0.19041.3031)
OS uptime: 9 days 8:19 hours

CPU: total 2 (initial active 2) (2 cores per cpu, 1 threads per core) family 21 model 112 stepping 0 microcode 0x0, cx8, cmov, fxsr, mmx, 3dnowpref, sse, sse2, sse3, ssse3, sse4a, sse4.1, sse4.2, popcnt, lzcnt, tsc, tscinvbit, avx, avx2, aes, clmul, bmi1, bmi2, fma, vzeroupper, clflush

Memory: 4k page, system-wide physical 3963M (258M free)
TotalPageFile size 6011M (AvailPageFile size 5M)
current process WorkingSet (physical memory assigned to process): 360M, peak: 368M
current process commit charge ("private bytes"): 392M, peak: 402M

vm_info: OpenJDK 64-Bit Server VM (17.0.7+7) for windows-amd64 JRE (17.0.7+7), built on Apr 18 2023 22:10:42 by "temurin" with MS VC++ 16.7 (VS2019)

END.
